<?xml version="1.0" encoding="UTF-8"?>
<!-- Generated by org.testng.reporters.JUnitXMLReporter -->
<testsuite ignored="0" hostname="DESKTOP-3R2GJE1" failures="0" tests="3" name="Default test" time="18.32" errors="0" timestamp="2023-12-18T12:56:43 IST">
  <testcase classname="testNGstudy.testNGClass3" name="fbLaunch" time="4.025"/>
  <testcase classname="testNGstudy.testNGClass3" name="instaLaunch" time="6.469"/>
  <testcase classname="testNGstudy.testNGClass3" name="twitterLaunch" time="7.735"/>
</testsuite> <!-- Default test -->
