<?xml version="1.0" encoding="UTF-8"?>
<testng-results ignored="0" total="1" passed="1" failed="0" skipped="0">
  <reporter-output>
  </reporter-output>
  <suite started-at="2024-01-14T13:05:05 IST" name="Default suite" finished-at="2024-01-14T13:05:13 IST" duration-ms="7589">
    <groups>
    </groups>
    <test started-at="2024-01-14T13:05:05 IST" name="Default test" finished-at="2024-01-14T13:05:13 IST" duration-ms="7589">
      <class name="testNGstudy.NewTest">
        <test-method signature="f()[pri:0, instance:testNGstudy.NewTest@23c30a20]" started-at="2024-01-14T13:05:05 IST" name="f" finished-at="2024-01-14T13:05:13 IST" duration-ms="7507" status="PASS">
          <reporter-output>
          </reporter-output>
        </test-method> <!-- f -->
      </class> <!-- testNGstudy.NewTest -->
    </test> <!-- Default test -->
  </suite> <!-- Default suite -->
</testng-results>
